TN:
SF:src/context/AppContext.tsx
FN:31,(anonymous_0)
FN:34,useAuthState
FN:36,(anonymous_2)
FN:48,useDataState
FN:50,(anonymous_4)
FN:71,useConfigState
FN:74,(anonymous_6)
FN:89,AppContextBridge
FN:93,(anonymous_8)
FN:143,AppProvider
FNF:10
FNH:0
FNDA:0,(anonymous_0)
FNDA:0,useAuthState
FNDA:0,(anonymous_2)
FNDA:0,useDataState
FNDA:0,(anonymous_4)
FNDA:0,useConfigState
FNDA:0,(anonymous_6)
FNDA:0,AppContextBridge
FNDA:0,(anonymous_8)
FNDA:0,AppProvider
DA:24,0
DA:31,0
DA:35,0
DA:36,0
DA:49,0
DA:50,0
DA:72,0
DA:73,0
DA:74,0
DA:90,0
DA:91,0
DA:93,0
DA:139,0
DA:144,0
LF:14
LH:0
BRF:0
BRH:0
end_of_record
TN:
SF:src/context/AuthContext.tsx
FN:82,getBuiltInConfig
FN:94,clearStaleCache
FN:101,(anonymous_2)
FN:101,(anonymous_3)
FN:108,(anonymous_4)
FN:113,(anonymous_5)
FN:113,(anonymous_6)
FN:121,useAuth
FN:128,AuthProvider
FN:141,(anonymous_9)
FN:144,(anonymous_10)
FN:150,(anonymous_11)
FN:156,(anonymous_12)
FN:160,(anonymous_13)
FN:163,(anonymous_14)
FN:164,(anonymous_15)
FN:174,(anonymous_16)
FN:175,(anonymous_17)
FN:179,(anonymous_18)
FN:186,(anonymous_19)
FN:187,(anonymous_20)
FN:194,(anonymous_21)
FN:211,(anonymous_22)
FN:212,(anonymous_23)
FN:219,(anonymous_24)
FN:237,(anonymous_25)
FN:237,(anonymous_26)
FN:240,(anonymous_27)
FN:248,(anonymous_28)
FN:277,(anonymous_29)
FN:282,(anonymous_30)
FN:288,(anonymous_31)
FN:293,(anonymous_32)
FN:304,(anonymous_33)
FN:309,(anonymous_34)
FN:321,(anonymous_35)
FN:338,(anonymous_36)
FN:347,(anonymous_37)
FN:352,(anonymous_38)
FN:355,(anonymous_39)
FN:359,(anonymous_40)
FN:362,(anonymous_41)
FN:366,(anonymous_42)
FN:370,(anonymous_43)
FN:391,(anonymous_44)
FN:406,(anonymous_45)
FN:424,(anonymous_46)
FNF:47
FNH:0
FNDA:0,getBuiltInConfig
FNDA:0,clearStaleCache
FNDA:0,(anonymous_2)
FNDA:0,(anonymous_3)
FNDA:0,(anonymous_4)
FNDA:0,(anonymous_5)
FNDA:0,(anonymous_6)
FNDA:0,useAuth
FNDA:0,AuthProvider
FNDA:0,(anonymous_9)
FNDA:0,(anonymous_10)
FNDA:0,(anonymous_11)
FNDA:0,(anonymous_12)
FNDA:0,(anonymous_13)
FNDA:0,(anonymous_14)
FNDA:0,(anonymous_15)
FNDA:0,(anonymous_16)
FNDA:0,(anonymous_17)
FNDA:0,(anonymous_18)
FNDA:0,(anonymous_19)
FNDA:0,(anonymous_20)
FNDA:0,(anonymous_21)
FNDA:0,(anonymous_22)
FNDA:0,(anonymous_23)
FNDA:0,(anonymous_24)
FNDA:0,(anonymous_25)
FNDA:0,(anonymous_26)
FNDA:0,(anonymous_27)
FNDA:0,(anonymous_28)
FNDA:0,(anonymous_29)
FNDA:0,(anonymous_30)
FNDA:0,(anonymous_31)
FNDA:0,(anonymous_32)
FNDA:0,(anonymous_33)
FNDA:0,(anonymous_34)
FNDA:0,(anonymous_35)
FNDA:0,(anonymous_36)
FNDA:0,(anonymous_37)
FNDA:0,(anonymous_38)
FNDA:0,(anonymous_39)
FNDA:0,(anonymous_40)
FNDA:0,(anonymous_41)
FNDA:0,(anonymous_42)
FNDA:0,(anonymous_43)
FNDA:0,(anonymous_44)
FNDA:0,(anonymous_45)
FNDA:0,(anonymous_46)
DA:83,0
DA:95,0
DA:96,0
DA:97,0
DA:98,0
DA:99,0
DA:100,0
DA:101,0
DA:102,0
DA:103,0
DA:107,0
DA:109,0
DA:112,0
DA:113,0
DA:115,0
DA:116,0
DA:120,0
DA:122,0
DA:123,0
DA:124,0
DA:129,0
DA:130,0
DA:131,0
DA:132,0
DA:133,0
DA:134,0
DA:136,0
DA:137,0
DA:140,0
DA:141,0
DA:142,0
DA:144,0
DA:145,0
DA:149,0
DA:150,0
DA:151,0
DA:156,0
DA:157,0
DA:158,0
DA:160,0
DA:163,0
DA:164,0
DA:165,0
DA:166,0
DA:168,0
DA:169,0
DA:170,0
DA:172,0
DA:173,0
DA:174,0
DA:175,0
DA:176,0
DA:177,0
DA:179,0
DA:182,0
DA:183,0
DA:184,0
DA:185,0
DA:187,0
DA:188,0
DA:189,0
DA:190,0
DA:191,0
DA:194,0
DA:198,0
DA:199,0
DA:200,0
DA:201,0
DA:203,0
DA:206,0
DA:207,0
DA:208,0
DA:209,0
DA:210,0
DA:212,0
DA:213,0
DA:214,0
DA:215,0
DA:216,0
DA:219,0
DA:222,0
DA:224,0
DA:225,0
DA:230,0
DA:231,0
DA:233,0
DA:236,0
DA:237,0
DA:240,0
DA:241,0
DA:242,0
DA:243,0
DA:244,0
DA:245,0
DA:248,0
DA:249,0
DA:250,0
DA:251,0
DA:252,0
DA:253,0
DA:256,0
DA:257,0
DA:259,0
DA:260,0
DA:261,0
DA:263,0
DA:264,0
DA:265,0
DA:267,0
DA:268,0
DA:270,0
DA:272,0
DA:273,0
DA:277,0
DA:278,0
DA:279,0
DA:282,0
DA:283,0
DA:284,0
DA:285,0
DA:286,0
DA:287,0
DA:288,0
DA:289,0
DA:290,0
DA:293,0
DA:294,0
DA:295,0
DA:296,0
DA:297,0
DA:298,0
DA:299,0
DA:300,0
DA:301,0
DA:304,0
DA:305,0
DA:306,0
DA:307,0
DA:308,0
DA:309,0
DA:310,0
DA:311,0
DA:312,0
DA:313,0
DA:314,0
DA:315,0
DA:316,0
DA:321,0
DA:322,0
DA:323,0
DA:324,0
DA:325,0
DA:331,0
DA:332,0
DA:333,0
DA:334,0
DA:335,0
DA:338,0
DA:339,0
DA:340,0
DA:341,0
DA:342,0
DA:343,0
DA:347,0
DA:348,0
DA:349,0
DA:350,0
DA:351,0
DA:352,0
DA:355,0
DA:356,0
DA:357,0
DA:358,0
DA:359,0
DA:362,0
DA:363,0
DA:364,0
DA:365,0
DA:366,0
DA:370,0
DA:371,0
DA:372,0
DA:373,0
DA:374,0
DA:375,0
DA:376,0
DA:377,0
DA:378,0
DA:379,0
DA:380,0
DA:381,0
DA:382,0
DA:383,0
DA:391,0
DA:392,0
DA:393,0
DA:394,0
DA:395,0
DA:402,0
DA:403,0
DA:404,0
DA:405,0
DA:406,0
DA:407,0
DA:409,0
DA:410,0
DA:411,0
DA:412,0
DA:413,0
DA:414,0
DA:415,0
DA:416,0
DA:417,0
DA:424,0
DA:442,0
LF:215
LH:0
BRDA:99,0,0,0
BRDA:99,0,1,0
BRDA:100,1,0,0
BRDA:100,1,1,0
BRDA:102,2,0,0
BRDA:102,2,1,0
BRDA:102,3,0,0
BRDA:102,3,1,0
BRDA:112,4,0,0
BRDA:112,4,1,0
BRDA:123,5,0,0
BRDA:123,5,1,0
BRDA:142,6,0,0
BRDA:142,6,1,0
BRDA:153,7,0,0
BRDA:153,7,1,0
BRDA:157,8,0,0
BRDA:157,8,1,0
BRDA:166,9,0,0
BRDA:166,9,1,0
BRDA:168,10,0,0
BRDA:168,10,1,0
BRDA:170,11,0,0
BRDA:170,11,1,0
BRDA:173,12,0,0
BRDA:173,12,1,0
BRDA:182,13,0,0
BRDA:182,13,1,0
BRDA:182,14,0,0
BRDA:182,14,1,0
BRDA:188,15,0,0
BRDA:188,15,1,0
BRDA:200,16,0,0
BRDA:200,16,1,0
BRDA:207,17,0,0
BRDA:207,17,1,0
BRDA:213,18,0,0
BRDA:213,18,1,0
BRDA:237,19,0,0
BRDA:237,19,1,0
BRDA:244,20,0,0
BRDA:244,20,1,0
BRDA:250,21,0,0
BRDA:250,21,1,0
BRDA:251,22,0,0
BRDA:251,22,1,0
BRDA:251,23,0,0
BRDA:251,23,1,0
BRDA:257,24,0,0
BRDA:257,24,1,0
BRDA:260,25,0,0
BRDA:260,25,1,0
BRDA:284,26,0,0
BRDA:284,26,1,0
BRDA:288,27,0,0
BRDA:288,27,1,0
BRDA:289,28,0,0
BRDA:289,28,1,0
BRDA:295,29,0,0
BRDA:295,29,1,0
BRDA:296,30,0,0
BRDA:296,30,1,0
BRDA:308,31,0,0
BRDA:308,31,1,0
BRDA:311,32,0,0
BRDA:311,32,1,0
BRDA:313,33,0,0
BRDA:313,33,1,0
BRDA:313,34,0,0
BRDA:313,34,1,0
BRDA:324,35,0,0
BRDA:324,35,1,0
BRDA:324,36,0,0
BRDA:324,36,1,0
BRDA:326,37,0,0
BRDA:326,37,1,0
BRDA:332,38,0,0
BRDA:332,38,1,0
BRDA:349,39,0,0
BRDA:349,39,1,0
BRDA:350,40,0,0
BRDA:350,40,1,0
BRDA:357,41,0,0
BRDA:357,41,1,0
BRDA:364,42,0,0
BRDA:364,42,1,0
BRDA:372,43,0,0
BRDA:372,43,1,0
BRDA:372,44,0,0
BRDA:372,44,1,0
BRDA:373,45,0,0
BRDA:373,45,1,0
BRDA:374,46,0,0
BRDA:374,46,1,0
BRDA:375,47,0,0
BRDA:375,47,1,0
BRDA:377,48,0,0
BRDA:377,48,1,0
BRDA:383,49,0,0
BRDA:383,49,1,0
BRDA:384,50,0,0
BRDA:384,50,1,0
BRDA:392,51,0,0
BRDA:392,51,1,0
BRDA:394,52,0,0
BRDA:394,52,1,0
BRF:106
BRH:0
end_of_record
TN:
SF:src/context/DataContext.tsx
FN:72,handleError
FN:86,snapToArray
FN:88,(anonymous_2)
FN:96,logReads
FN:104,useData
FN:114,DataProvider
FN:143,(anonymous_6)
FN:153,(anonymous_7)
FN:153,(anonymous_8)
FN:154,(anonymous_9)
FN:154,(anonymous_10)
FN:155,(anonymous_11)
FN:156,(anonymous_12)
FN:160,(anonymous_13)
FN:161,(anonymous_14)
FN:164,(anonymous_15)
FN:164,(anonymous_16)
FN:164,(anonymous_17)
FN:169,(anonymous_18)
FN:176,(anonymous_19)
FN:181,(anonymous_20)
FN:186,(anonymous_21)
FN:186,(anonymous_22)
FN:190,(anonymous_23)
FN:196,(anonymous_24)
FN:196,(anonymous_25)
FN:200,(anonymous_26)
FN:207,(anonymous_27)
FN:216,(anonymous_28)
FN:235,(anonymous_29)
FN:241,(anonymous_30)
FN:258,(anonymous_31)
FN:259,(anonymous_32)
FN:260,(anonymous_33)
FN:261,(anonymous_34)
FN:265,(anonymous_35)
FN:266,(anonymous_36)
FN:276,(anonymous_37)
FN:278,(anonymous_38)
FN:292,(anonymous_39)
FN:295,(anonymous_40)
FN:296,(anonymous_41)
FN:309,(anonymous_42)
FN:313,(anonymous_43)
FN:323,(anonymous_44)
FN:326,(anonymous_45)
FN:345,(anonymous_46)
FN:360,(anonymous_47)
FN:396,(anonymous_48)
FN:401,(anonymous_49)
FN:405,(anonymous_50)
FN:408,(anonymous_51)
FN:422,(anonymous_52)
FN:423,(anonymous_53)
FN:431,(anonymous_54)
FN:435,(anonymous_55)
FN:438,(anonymous_56)
FN:442,(anonymous_57)
FN:449,(anonymous_58)
FN:456,(anonymous_59)
FN:463,(anonymous_60)
FN:470,(anonymous_61)
FN:479,(anonymous_62)
FN:488,(anonymous_63)
FN:494,(anonymous_64)
FN:497,(anonymous_65)
FN:500,(anonymous_66)
FN:517,(anonymous_67)
FN:518,(anonymous_68)
FN:519,(anonymous_69)
FN:520,(anonymous_70)
FN:521,(anonymous_71)
FN:523,(anonymous_72)
FNF:73
FNH:0
FNDA:0,handleError
FNDA:0,snapToArray
FNDA:0,(anonymous_2)
FNDA:0,logReads
FNDA:0,useData
FNDA:0,DataProvider
FNDA:0,(anonymous_6)
FNDA:0,(anonymous_7)
FNDA:0,(anonymous_8)
FNDA:0,(anonymous_9)
FNDA:0,(anonymous_10)
FNDA:0,(anonymous_11)
FNDA:0,(anonymous_12)
FNDA:0,(anonymous_13)
FNDA:0,(anonymous_14)
FNDA:0,(anonymous_15)
FNDA:0,(anonymous_16)
FNDA:0,(anonymous_17)
FNDA:0,(anonymous_18)
FNDA:0,(anonymous_19)
FNDA:0,(anonymous_20)
FNDA:0,(anonymous_21)
FNDA:0,(anonymous_22)
FNDA:0,(anonymous_23)
FNDA:0,(anonymous_24)
FNDA:0,(anonymous_25)
FNDA:0,(anonymous_26)
FNDA:0,(anonymous_27)
FNDA:0,(anonymous_28)
FNDA:0,(anonymous_29)
FNDA:0,(anonymous_30)
FNDA:0,(anonymous_31)
FNDA:0,(anonymous_32)
FNDA:0,(anonymous_33)
FNDA:0,(anonymous_34)
FNDA:0,(anonymous_35)
FNDA:0,(anonymous_36)
FNDA:0,(anonymous_37)
FNDA:0,(anonymous_38)
FNDA:0,(anonymous_39)
FNDA:0,(anonymous_40)
FNDA:0,(anonymous_41)
FNDA:0,(anonymous_42)
FNDA:0,(anonymous_43)
FNDA:0,(anonymous_44)
FNDA:0,(anonymous_45)
FNDA:0,(anonymous_46)
FNDA:0,(anonymous_47)
FNDA:0,(anonymous_48)
FNDA:0,(anonymous_49)
FNDA:0,(anonymous_50)
FNDA:0,(anonymous_51)
FNDA:0,(anonymous_52)
FNDA:0,(anonymous_53)
FNDA:0,(anonymous_54)
FNDA:0,(anonymous_55)
FNDA:0,(anonymous_56)
FNDA:0,(anonymous_57)
FNDA:0,(anonymous_58)
FNDA:0,(anonymous_59)
FNDA:0,(anonymous_60)
FNDA:0,(anonymous_61)
FNDA:0,(anonymous_62)
FNDA:0,(anonymous_63)
FNDA:0,(anonymous_64)
FNDA:0,(anonymous_65)
FNDA:0,(anonymous_66)
FNDA:0,(anonymous_67)
FNDA:0,(anonymous_68)
FNDA:0,(anonymous_69)
FNDA:0,(anonymous_70)
FNDA:0,(anonymous_71)
FNDA:0,(anonymous_72)
DA:73,0
DA:74,0
DA:75,0
DA:77,0
DA:83,0
DA:87,0
DA:88,0
DA:89,0
DA:90,0
DA:92,0
DA:97,0
DA:98,0
DA:103,0
DA:105,0
DA:106,0
DA:107,0
DA:111,0
DA:115,0
DA:117,0
DA:118,0
DA:119,0
DA:120,0
DA:121,0
DA:122,0
DA:123,0
DA:124,0
DA:125,0
DA:126,0
DA:127,0
DA:128,0
DA:129,0
DA:130,0
DA:131,0
DA:132,0
DA:133,0
DA:135,0
DA:136,0
DA:137,0
DA:138,0
DA:139,0
DA:140,0
DA:143,0
DA:144,0
DA:153,0
DA:154,0
DA:155,0
DA:156,0
DA:159,0
DA:160,0
DA:161,0
DA:162,0
DA:163,0
DA:164,0
DA:165,0
DA:169,0
DA:170,0
DA:171,0
DA:172,0
DA:173,0
DA:174,0
DA:175,0
DA:176,0
DA:177,0
DA:178,0
DA:181,0
DA:182,0
DA:183,0
DA:184,0
DA:185,0
DA:186,0
DA:187,0
DA:190,0
DA:191,0
DA:192,0
DA:193,0
DA:194,0
DA:195,0
DA:196,0
DA:197,0
DA:200,0
DA:201,0
DA:202,0
DA:203,0
DA:207,0
DA:208,0
DA:209,0
DA:210,0
DA:211,0
DA:212,0
DA:216,0
DA:217,0
DA:218,0
DA:219,0
DA:220,0
DA:222,0
DA:223,0
DA:224,0
DA:226,0
DA:227,0
DA:228,0
DA:231,0
DA:232,0
DA:233,0
DA:235,0
DA:236,0
DA:237,0
DA:238,0
DA:239,0
DA:241,0
DA:242,0
DA:243,0
DA:244,0
DA:247,0
DA:248,0
DA:249,0
DA:252,0
DA:253,0
DA:254,0
DA:257,0
DA:258,0
DA:259,0
DA:260,0
DA:261,0
DA:265,0
DA:266,0
DA:267,0
DA:268,0
DA:269,0
DA:270,0
DA:272,0
DA:276,0
DA:277,0
DA:278,0
DA:279,0
DA:280,0
DA:281,0
DA:285,0
DA:292,0
DA:293,0
DA:294,0
DA:295,0
DA:296,0
DA:297,0
DA:301,0
DA:302,0
DA:303,0
DA:309,0
DA:312,0
DA:313,0
DA:315,0
DA:318,0
DA:319,0
DA:322,0
DA:324,0
DA:325,0
DA:326,0
DA:327,0
DA:328,0
DA:329,0
DA:330,0
DA:331,0
DA:333,0
DA:340,0
DA:341,0
DA:342,0
DA:343,0
DA:344,0
DA:345,0
DA:346,0
DA:347,0
DA:348,0
DA:349,0
DA:352,0
DA:356,0
DA:357,0
DA:358,0
DA:359,0
DA:360,0
DA:361,0
DA:362,0
DA:363,0
DA:364,0
DA:365,0
DA:372,0
DA:373,0
DA:378,0
DA:381,0
DA:384,0
DA:385,0
DA:386,0
DA:387,0
DA:388,0
DA:390,0
DA:391,0
DA:396,0
DA:397,0
DA:401,0
DA:402,0
DA:403,0
DA:404,0
DA:405,0
DA:406,0
DA:407,0
DA:408,0
DA:409,0
DA:410,0
DA:412,0
DA:413,0
DA:414,0
DA:419,0
DA:420,0
DA:421,0
DA:422,0
DA:423,0
DA:424,0
DA:426,0
DA:427,0
DA:428,0
DA:430,0
DA:431,0
DA:435,0
DA:436,0
DA:437,0
DA:438,0
DA:442,0
DA:443,0
DA:444,0
DA:445,0
DA:446,0
DA:449,0
DA:450,0
DA:451,0
DA:452,0
DA:453,0
DA:456,0
DA:457,0
DA:458,0
DA:459,0
DA:460,0
DA:463,0
DA:464,0
DA:465,0
DA:466,0
DA:467,0
DA:470,0
DA:471,0
DA:472,0
DA:473,0
DA:474,0
DA:475,0
DA:476,0
DA:479,0
DA:480,0
DA:481,0
DA:482,0
DA:483,0
DA:484,0
DA:485,0
DA:488,0
DA:489,0
DA:490,0
DA:491,0
DA:492,0
DA:493,0
DA:494,0
DA:497,0
DA:500,0
DA:501,0
DA:502,0
DA:503,0
DA:504,0
DA:505,0
DA:506,0
DA:507,0
DA:508,0
DA:509,0
DA:513,0
DA:517,0
DA:518,0
DA:519,0
DA:520,0
DA:521,0
DA:523,0
DA:552,0
LF:284
LH:0
BRDA:74,0,0,0
BRDA:74,0,1,0
BRDA:74,1,0,0
BRDA:74,1,1,0
BRDA:74,1,2,0
BRDA:90,2,0,0
BRDA:90,2,1,0
BRDA:96,3,0,0
BRDA:97,4,0,0
BRDA:97,4,1,0
BRDA:106,5,0,0
BRDA:106,5,1,0
BRDA:155,6,0,0
BRDA:155,6,1,0
BRDA:156,7,0,0
BRDA:156,7,1,0
BRDA:160,8,0,0
BRDA:160,8,1,0
BRDA:162,9,0,0
BRDA:162,9,1,0
BRDA:162,10,0,0
BRDA:162,10,1,0
BRDA:164,11,0,0
BRDA:164,11,1,0
BRDA:170,12,0,0
BRDA:170,12,1,0
BRDA:171,13,0,0
BRDA:171,13,1,0
BRDA:176,14,0,0
BRDA:176,14,1,0
BRDA:182,15,0,0
BRDA:182,15,1,0
BRDA:186,16,0,0
BRDA:186,16,1,0
BRDA:186,17,0,0
BRDA:186,17,1,0
BRDA:191,18,0,0
BRDA:191,18,1,0
BRDA:192,19,0,0
BRDA:192,19,1,0
BRDA:196,20,0,0
BRDA:196,20,1,0
BRDA:201,21,0,0
BRDA:201,21,1,0
BRDA:208,22,0,0
BRDA:208,22,1,0
BRDA:220,23,0,0
BRDA:220,23,1,0
BRDA:223,24,0,0
BRDA:223,24,1,0
BRDA:223,25,0,0
BRDA:223,25,1,0
BRDA:224,26,0,0
BRDA:224,26,1,0
BRDA:233,27,0,0
BRDA:233,27,1,0
BRDA:243,28,0,0
BRDA:243,28,1,0
BRDA:244,29,0,0
BRDA:244,29,1,0
BRDA:266,30,0,0
BRDA:266,30,1,0
BRDA:267,31,0,0
BRDA:267,31,1,0
BRDA:277,32,0,0
BRDA:277,32,1,0
BRDA:296,33,0,0
BRDA:296,33,1,0
BRDA:301,34,0,0
BRDA:301,34,1,0
BRDA:302,35,0,0
BRDA:302,35,1,0
BRDA:309,36,0,0
BRDA:309,36,1,0
BRDA:313,37,0,0
BRDA:313,37,1,0
BRDA:318,38,0,0
BRDA:318,38,1,0
BRDA:319,39,0,0
BRDA:319,39,1,0
BRDA:324,40,0,0
BRDA:324,40,1,0
BRDA:327,41,0,0
BRDA:327,41,1,0
BRDA:327,42,0,0
BRDA:327,42,1,0
BRDA:327,42,2,0
BRDA:330,43,0,0
BRDA:330,43,1,0
BRDA:333,44,0,0
BRDA:333,44,1,0
BRDA:333,45,0,0
BRDA:333,45,1,0
BRDA:333,46,0,0
BRDA:333,46,1,0
BRDA:341,47,0,0
BRDA:341,47,1,0
BRDA:343,48,0,0
BRDA:343,48,1,0
BRDA:344,49,0,0
BRDA:344,49,1,0
BRDA:346,50,0,0
BRDA:346,50,1,0
BRDA:357,51,0,0
BRDA:357,51,1,0
BRDA:357,52,0,0
BRDA:357,52,1,0
BRDA:358,53,0,0
BRDA:358,53,1,0
BRDA:361,54,0,0
BRDA:361,54,1,0
BRDA:366,55,0,0
BRDA:366,55,1,0
BRDA:386,56,0,0
BRDA:386,56,1,0
BRDA:386,57,0,0
BRDA:386,57,1,0
BRDA:386,57,2,0
BRDA:388,58,0,0
BRDA:388,58,1,0
BRDA:390,59,0,0
BRDA:390,59,1,0
BRDA:402,60,0,0
BRDA:402,60,1,0
BRDA:403,61,0,0
BRDA:403,61,1,0
BRDA:403,62,0,0
BRDA:403,62,1,0
BRDA:406,63,0,0
BRDA:406,63,1,0
BRDA:423,64,0,0
BRDA:423,64,1,0
BRDA:436,65,0,0
BRDA:436,65,1,0
BRDA:443,66,0,0
BRDA:443,66,1,0
BRDA:444,67,0,0
BRDA:444,67,1,0
BRDA:450,68,0,0
BRDA:450,68,1,0
BRDA:451,69,0,0
BRDA:451,69,1,0
BRDA:457,70,0,0
BRDA:457,70,1,0
BRDA:458,71,0,0
BRDA:458,71,1,0
BRDA:464,72,0,0
BRDA:464,72,1,0
BRDA:465,73,0,0
BRDA:465,73,1,0
BRDA:471,74,0,0
BRDA:471,74,1,0
BRDA:472,75,0,0
BRDA:472,75,1,0
BRDA:480,76,0,0
BRDA:480,76,1,0
BRDA:481,77,0,0
BRDA:481,77,1,0
BRDA:489,78,0,0
BRDA:489,78,1,0
BRDA:497,79,0,0
BRDA:497,79,1,0
BRDA:497,80,0,0
BRDA:497,80,1,0
BRDA:501,81,0,0
BRDA:501,81,1,0
BRDA:509,82,0,0
BRDA:509,82,1,0
BRF:168
BRH:0
end_of_record
TN:
SF:src/context/crud.ts
FN:20,handleError
FN:31,_registerSetters
FN:34,add
FN:41,(anonymous_3)
FN:47,update
FN:52,(anonymous_5)
FN:52,(anonymous_6)
FN:57,remove
FN:63,(anonymous_8)
FN:63,(anonymous_9)
FN:71,getLastDeleted
FN:73,restoreItem
FN:81,(anonymous_12)
FN:87,permanentDelete
FN:93,setDocument
FN:100,batchSet
FN:104,(anonymous_16)
FN:112,clearCollection
FN:117,(anonymous_18)
FNF:19
FNH:0
FNDA:0,handleError
FNDA:0,_registerSetters
FNDA:0,add
FNDA:0,(anonymous_3)
FNDA:0,update
FNDA:0,(anonymous_5)
FNDA:0,(anonymous_6)
FNDA:0,remove
FNDA:0,(anonymous_8)
FNDA:0,(anonymous_9)
FNDA:0,getLastDeleted
FNDA:0,restoreItem
FNDA:0,(anonymous_12)
FNDA:0,permanentDelete
FNDA:0,setDocument
FNDA:0,batchSet
FNDA:0,(anonymous_16)
FNDA:0,clearCollection
FNDA:0,(anonymous_18)
DA:21,0
DA:22,0
DA:23,0
DA:25,0
DA:30,0
DA:31,0
DA:35,0
DA:36,0
DA:37,0
DA:38,0
DA:39,0
DA:40,0
DA:41,0
DA:42,0
DA:44,0
DA:48,0
DA:49,0
DA:50,0
DA:51,0
DA:52,0
DA:54,0
DA:58,0
DA:59,0
DA:60,0
DA:61,0
DA:62,0
DA:63,0
DA:64,0
DA:66,0
DA:70,0
DA:71,0
DA:74,0
DA:75,0
DA:76,0
DA:77,0
DA:78,0
DA:79,0
DA:80,0
DA:81,0
DA:82,0
DA:84,0
DA:88,0
DA:89,0
DA:90,0
DA:94,0
DA:95,0
DA:96,0
DA:101,0
DA:102,0
DA:103,0
DA:104,0
DA:105,0
DA:106,0
DA:108,0
DA:113,0
DA:114,0
DA:115,0
DA:116,0
DA:117,0
DA:118,0
LF:60
LH:0
BRDA:22,0,0,0
BRDA:22,0,1,0
BRDA:22,1,0,0
BRDA:22,1,1,0
BRDA:22,1,2,0
BRDA:35,2,0,0
BRDA:35,2,1,0
BRDA:36,3,0,0
BRDA:36,3,1,0
BRDA:41,4,0,0
BRDA:41,4,1,0
BRDA:48,5,0,0
BRDA:48,5,1,0
BRDA:52,6,0,0
BRDA:52,6,1,0
BRDA:52,7,0,0
BRDA:52,7,1,0
BRDA:58,8,0,0
BRDA:58,8,1,0
BRDA:59,9,0,0
BRDA:59,9,1,0
BRDA:63,10,0,0
BRDA:63,10,1,0
BRDA:74,11,0,0
BRDA:74,11,1,0
BRDA:77,12,0,0
BRDA:77,12,1,0
BRDA:81,13,0,0
BRDA:81,13,1,0
BRDA:88,14,0,0
BRDA:88,14,1,0
BRDA:94,15,0,0
BRDA:94,15,1,0
BRDA:101,16,0,0
BRDA:101,16,1,0
BRDA:105,17,0,0
BRDA:105,17,1,0
BRDA:113,18,0,0
BRDA:113,18,1,0
BRF:39
BRH:0
end_of_record
TN:
SF:src/context/crudOperations.ts
FN:19,handleError
FN:26,add
FN:34,update
FN:41,updateWithLock
FN:44,(anonymous_4)
FN:66,remove
FN:72,setDocument
FN:79,batchSet
FN:83,(anonymous_8)
FN:91,clearCollection
FN:96,(anonymous_10)
FNF:11
FNH:11
FNDA:4,handleError
FNDA:4,add
FNDA:2,update
FNDA:3,updateWithLock
FNDA:3,(anonymous_4)
FNDA:1,remove
FNDA:1,setDocument
FNDA:2,batchSet
FNDA:501,(anonymous_8)
FNDA:2,clearCollection
FNDA:5,(anonymous_10)
DA:20,4
DA:21,1
DA:23,3
DA:27,4
DA:28,4
DA:29,4
DA:30,4
DA:31,2
DA:35,2
DA:36,2
DA:37,1
DA:42,3
DA:43,3
DA:44,3
DA:45,3
DA:46,3
DA:47,3
DA:48,2
DA:49,2
DA:50,2
DA:51,1
DA:52,1
DA:53,1
DA:56,1
DA:57,1
DA:60,2
DA:61,1
DA:62,1
DA:67,1
DA:68,1
DA:69,0
DA:73,1
DA:74,1
DA:75,0
DA:80,2
DA:81,2
DA:82,3
DA:83,3
DA:84,501
DA:85,501
DA:87,3
DA:92,2
DA:93,2
DA:94,2
DA:95,1
DA:96,5
DA:97,1
LF:47
LH:45
BRDA:20,0,0,1
BRDA:20,0,1,3
BRDA:20,1,0,4
BRDA:20,1,1,3
BRDA:20,1,2,3
BRDA:27,2,0,0
BRDA:27,2,1,4
BRDA:28,3,0,4
BRDA:28,3,1,3
BRDA:35,4,0,0
BRDA:35,4,1,2
BRDA:42,5,0,0
BRDA:42,5,1,3
BRDA:47,6,0,1
BRDA:47,6,1,2
BRDA:49,7,0,2
BRDA:49,7,1,0
BRDA:49,8,0,2
BRDA:49,8,1,2
BRDA:50,9,0,1
BRDA:50,9,1,1
BRDA:60,10,0,1
BRDA:60,10,1,1
BRDA:67,11,0,0
BRDA:67,11,1,1
BRDA:73,12,0,0
BRDA:73,12,1,1
BRDA:80,13,0,0
BRDA:80,13,1,2
BRDA:84,14,0,501
BRDA:84,14,1,1
BRDA:92,15,0,0
BRDA:92,15,1,2
BRF:33
BRH:25
end_of_record
TN:
SF:src/context/firebaseCore.ts
FN:50,getDb
FN:51,getAuth
FN:53,initFirebase
FN:70,clearFirestoreCache
FN:74,(anonymous_4)
FN:74,(anonymous_5)
FN:82,(anonymous_6)
FN:90,loadFirebaseConfig
FN:94,saveFirebaseConfig
FN:103,usernameToEmail
FN:107,firebaseSignIn
FN:152,firebaseSignOut
FN:160,writeAuthMapping
FN:176,migrateUsersToFirebaseAuth
FNF:14
FNH:5
FNDA:1,getDb
FNDA:1,getAuth
FNDA:4,initFirebase
FNDA:0,clearFirestoreCache
FNDA:0,(anonymous_4)
FNDA:0,(anonymous_5)
FNDA:0,(anonymous_6)
FNDA:3,loadFirebaseConfig
FNDA:3,saveFirebaseConfig
FNDA:0,usernameToEmail
FNDA:0,firebaseSignIn
FNDA:0,firebaseSignOut
FNDA:0,writeAuthMapping
FNDA:0,migrateUsersToFirebaseAuth
DA:46,1
DA:47,1
DA:48,1
DA:50,1
DA:51,1
DA:54,4
DA:55,4
DA:56,2
DA:57,1
DA:59,1
DA:61,2
DA:62,2
DA:64,2
DA:65,2
DA:66,0
DA:71,0
DA:72,0
DA:73,0
DA:74,0
DA:75,0
DA:76,0
DA:81,0
DA:83,0
DA:85,0
DA:86,0
DA:91,3
DA:92,1
DA:95,3
DA:101,1
DA:104,0
DA:108,0
DA:109,0
DA:110,0
DA:111,0
DA:113,0
DA:114,0
DA:115,0
DA:116,0
DA:117,0
DA:118,0
DA:119,0
DA:121,0
DA:125,0
DA:126,0
DA:127,0
DA:128,0
DA:130,0
DA:131,0
DA:132,0
DA:133,0
DA:134,0
DA:136,0
DA:137,0
DA:138,0
DA:139,0
DA:140,0
DA:142,0
DA:143,0
DA:146,0
DA:147,0
DA:153,0
DA:154,0
DA:155,0
DA:156,0
DA:161,0
DA:162,0
DA:163,0
DA:164,0
DA:170,0
DA:172,0
DA:177,0
DA:178,0
DA:179,0
DA:180,0
DA:181,0
DA:182,0
DA:183,0
DA:185,0
DA:186,0
DA:187,0
DA:188,0
DA:189,0
DA:190,0
DA:191,0
DA:192,0
DA:194,0
DA:195,0
DA:196,0
DA:197,0
DA:198,0
DA:200,0
DA:201,0
DA:203,0
DA:204,0
DA:205,0
DA:207,0
DA:208,0
DA:211,0
DA:212,0
DA:215,0
DA:216,0
LF:101
LH:18
BRDA:55,0,0,2
BRDA:55,0,1,2
BRDA:56,1,0,1
BRDA:56,1,1,1
BRDA:72,2,0,0
BRDA:72,2,1,0
BRDA:73,3,0,0
BRDA:73,3,1,0
BRDA:75,4,0,0
BRDA:75,4,1,0
BRDA:75,5,0,0
BRDA:75,5,1,0
BRDA:91,6,0,2
BRDA:91,6,1,1
BRDA:109,7,0,0
BRDA:109,7,1,0
BRDA:114,8,0,0
BRDA:114,8,1,0
BRDA:114,9,0,0
BRDA:114,9,1,0
BRDA:136,10,0,0
BRDA:136,10,1,0
BRDA:154,11,0,0
BRDA:154,11,1,0
BRDA:162,12,0,0
BRDA:162,12,1,0
BRDA:162,13,0,0
BRDA:162,13,1,0
BRDA:165,14,0,0
BRDA:165,14,1,0
BRDA:179,15,0,0
BRDA:179,15,1,0
BRDA:179,16,0,0
BRDA:179,16,1,0
BRDA:182,17,0,0
BRDA:182,17,1,0
BRDA:186,18,0,0
BRDA:186,18,1,0
BRDA:194,19,0,0
BRDA:194,19,1,0
BRDA:203,20,0,0
BRDA:203,20,1,0
BRDA:203,21,0,0
BRDA:203,21,1,0
BRDA:211,22,0,0
BRDA:211,22,1,0
BRF:46
BRH:6
end_of_record
TN:
SF:src/utils/exportExcel.ts
FN:16,exportToExcel
FN:27,(anonymous_1)
FN:29,(anonymous_2)
FN:34,(anonymous_3)
FN:38,(anonymous_4)
FN:52,exportTimesheets
FN:53,(anonymous_6)
FN:54,(anonymous_7)
FN:55,(anonymous_8)
FN:90,exportWorkersSummary
FN:91,(anonymous_10)
FN:108,exportInvoices
FN:109,(anonymous_12)
FN:110,(anonymous_13)
FN:111,(anonymous_14)
FN:129,exportProjects
FN:130,(anonymous_16)
FN:130,(anonymous_17)
FN:134,(anonymous_18)
FN:134,(anonymous_19)
FNF:20
FNH:0
FNDA:0,exportToExcel
FNDA:0,(anonymous_1)
FNDA:0,(anonymous_2)
FNDA:0,(anonymous_3)
FNDA:0,(anonymous_4)
FNDA:0,exportTimesheets
FNDA:0,(anonymous_6)
FNDA:0,(anonymous_7)
FNDA:0,(anonymous_8)
FNDA:0,exportWorkersSummary
FNDA:0,(anonymous_10)
FNDA:0,exportInvoices
FNDA:0,(anonymous_12)
FNDA:0,(anonymous_13)
FNDA:0,(anonymous_14)
FNDA:0,exportProjects
FNDA:0,(anonymous_16)
FNDA:0,(anonymous_17)
FNDA:0,(anonymous_18)
FNDA:0,(anonymous_19)
DA:17,0
DA:18,0
DA:19,0
DA:25,0
DA:27,0
DA:28,0
DA:29,0
DA:30,0
DA:32,0
DA:34,0
DA:36,0
DA:37,0
DA:38,0
DA:41,0
DA:42,0
DA:44,0
DA:45,0
DA:46,0
DA:53,0
DA:54,0
DA:55,0
DA:56,0
DA:57,0
DA:58,0
DA:60,0
DA:61,0
DA:62,0
DA:63,0
DA:64,0
DA:65,0
DA:66,0
DA:68,0
DA:83,0
DA:84,0
DA:91,0
DA:101,0
DA:102,0
DA:109,0
DA:110,0
DA:111,0
DA:112,0
DA:123,0
DA:130,0
DA:134,0
DA:140,0
LF:45
LH:0
BRDA:16,0,0,0
BRDA:16,1,0,0
BRDA:16,2,0,0
BRDA:17,3,0,0
BRDA:17,3,1,0
BRDA:17,4,0,0
BRDA:17,4,1,0
BRDA:25,5,0,0
BRDA:25,5,1,0
BRDA:30,6,0,0
BRDA:30,6,1,0
BRDA:30,7,0,0
BRDA:30,7,1,0
BRDA:34,8,0,0
BRDA:34,8,1,0
BRDA:56,9,0,0
BRDA:56,9,1,0
BRDA:57,10,0,0
BRDA:57,10,1,0
BRDA:58,11,0,0
BRDA:58,11,1,0
BRDA:61,12,0,0
BRDA:61,12,1,0
BRDA:61,13,0,0
BRDA:61,13,1,0
BRDA:65,14,0,0
BRDA:65,14,1,0
BRDA:69,15,0,0
BRDA:69,15,1,0
BRDA:70,16,0,0
BRDA:70,16,1,0
BRDA:71,17,0,0
BRDA:71,17,1,0
BRDA:76,18,0,0
BRDA:76,18,1,0
BRDA:77,19,0,0
BRDA:77,19,1,0
BRDA:78,20,0,0
BRDA:78,20,1,0
BRDA:79,21,0,0
BRDA:79,21,1,0
BRDA:83,22,0,0
BRDA:83,22,1,0
BRDA:83,23,0,0
BRDA:83,23,1,0
BRDA:94,24,0,0
BRDA:94,24,1,0
BRDA:95,25,0,0
BRDA:95,25,1,0
BRDA:96,26,0,0
BRDA:96,26,1,0
BRDA:97,27,0,0
BRDA:97,27,1,0
BRDA:98,28,0,0
BRDA:98,28,1,0
BRDA:101,29,0,0
BRDA:101,29,1,0
BRDA:101,30,0,0
BRDA:101,30,1,0
BRDA:113,31,0,0
BRDA:113,31,1,0
BRDA:114,32,0,0
BRDA:114,32,1,0
BRDA:114,32,2,0
BRDA:115,33,0,0
BRDA:115,33,1,0
BRDA:116,34,0,0
BRDA:116,34,1,0
BRDA:117,35,0,0
BRDA:117,35,1,0
BRDA:118,36,0,0
BRDA:118,36,1,0
BRDA:119,37,0,0
BRDA:119,37,1,0
BRDA:131,38,0,0
BRDA:131,38,1,0
BRDA:132,39,0,0
BRDA:132,39,1,0
BRDA:133,40,0,0
BRDA:133,40,1,0
BRDA:134,41,0,0
BRDA:134,41,1,0
BRDA:134,42,0,0
BRDA:134,42,1,0
BRDA:135,43,0,0
BRDA:135,43,1,0
BRDA:136,44,0,0
BRDA:136,44,1,0
BRDA:137,45,0,0
BRDA:137,45,1,0
BRF:90
BRH:0
end_of_record
TN:
SF:src/utils/helpers.ts
FN:45,(anonymous_0)
FN:48,(anonymous_1)
FN:52,(anonymous_2)
FN:55,(anonymous_3)
FN:56,(anonymous_4)
FN:58,(anonymous_5)
FN:61,(anonymous_6)
FN:64,(anonymous_7)
FN:71,(anonymous_8)
FN:78,hexToRgb
FN:85,compressImage
FN:86,(anonymous_11)
FN:89,(anonymous_12)
FN:94,(anonymous_13)
FN:96,(anonymous_14)
FN:118,uploadToStorage
FN:140,getCSSVar
FN:144,getThemeColors
FN:197,refreshThemeColors
FN:206,toggleTheme
FN:218,(anonymous_20)
FN:219,(anonymous_21)
FN:225,initTheme
FN:237,isDarkTheme
FN:251,(anonymous_24)
FNF:25
FNH:11
FNDA:277,(anonymous_0)
FNDA:6,(anonymous_1)
FNDA:192,(anonymous_2)
FNDA:23,(anonymous_3)
FNDA:8,(anonymous_4)
FNDA:19,(anonymous_5)
FNDA:16,(anonymous_6)
FNDA:31,(anonymous_7)
FNDA:32,(anonymous_8)
FNDA:21,hexToRgb
FNDA:0,compressImage
FNDA:0,(anonymous_11)
FNDA:0,(anonymous_12)
FNDA:0,(anonymous_13)
FNDA:0,(anonymous_14)
FNDA:0,uploadToStorage
FNDA:0,getCSSVar
FNDA:0,getThemeColors
FNDA:0,refreshThemeColors
FNDA:0,toggleTheme
FNDA:0,(anonymous_20)
FNDA:0,(anonymous_21)
FNDA:0,initTheme
FNDA:0,isDarkTheme
FNDA:3,(anonymous_24)
DA:45,277
DA:48,9
DA:49,6
DA:50,6
DA:51,6
DA:52,192
DA:55,23
DA:56,8
DA:58,9
DA:59,19
DA:61,9
DA:62,16
DA:64,9
DA:65,31
DA:66,21
DA:67,21
DA:68,21
DA:71,9
DA:72,32
DA:73,20
DA:74,20
DA:75,20
DA:79,21
DA:80,21
DA:86,0
DA:87,0
DA:88,0
DA:89,0
DA:90,0
DA:91,0
DA:93,0
DA:94,0
DA:95,0
DA:96,0
DA:97,0
DA:98,0
DA:99,0
DA:100,0
DA:102,0
DA:103,0
DA:104,0
DA:106,0
DA:107,0
DA:108,0
DA:109,0
DA:110,0
DA:112,0
DA:114,0
DA:119,0
DA:120,0
DA:121,0
DA:122,0
DA:123,0
DA:124,0
DA:126,0
DA:127,0
DA:128,0
DA:129,0
DA:130,0
DA:131,0
DA:133,0
DA:134,0
DA:141,0
DA:145,0
DA:179,9
DA:198,0
DA:199,0
DA:200,0
DA:201,0
DA:202,0
DA:207,0
DA:208,0
DA:209,0
DA:211,0
DA:212,0
DA:213,0
DA:215,0
DA:216,0
DA:218,0
DA:219,0
DA:222,0
DA:226,0
DA:227,0
DA:228,0
DA:230,0
DA:231,0
DA:232,0
DA:234,0
DA:238,0
DA:242,9
DA:251,3
LF:91
LH:27
BRDA:59,0,0,7
BRDA:59,0,1,12
BRDA:62,1,0,4
BRDA:62,1,1,12
BRDA:65,2,0,10
BRDA:65,2,1,21
BRDA:65,3,0,31
BRDA:65,3,1,14
BRDA:68,4,0,8
BRDA:68,4,1,13
BRDA:72,5,0,12
BRDA:72,5,1,20
BRDA:72,6,0,32
BRDA:72,6,1,24
BRDA:80,7,0,18
BRDA:80,7,1,3
BRDA:85,8,0,0
BRDA:85,9,0,0
BRDA:87,10,0,0
BRDA:87,10,1,0
BRDA:87,11,0,0
BRDA:87,11,1,0
BRDA:98,12,0,0
BRDA:98,12,1,0
BRDA:98,13,0,0
BRDA:98,13,1,0
BRDA:99,14,0,0
BRDA:99,14,1,0
BRDA:107,15,0,0
BRDA:107,15,1,0
BRDA:108,16,0,0
BRDA:108,16,1,0
BRDA:122,17,0,0
BRDA:122,17,1,0
BRDA:209,18,0,0
BRDA:209,18,1,0
BRDA:216,19,0,0
BRDA:216,19,1,0
BRDA:216,20,0,0
BRDA:216,20,1,0
BRDA:228,21,0,0
BRDA:228,21,1,0
BRDA:228,22,0,0
BRDA:228,22,1,0
BRDA:232,23,0,0
BRDA:232,23,1,0
BRDA:232,24,0,0
BRDA:232,24,1,0
BRF:48
BRH:16
end_of_record
TN:
SF:src/utils/logger.ts
FN:6,(anonymous_0)
FN:10,(anonymous_1)
FN:11,(anonymous_2)
FN:12,(anonymous_3)
FNF:4
FNH:3
FNDA:0,(anonymous_0)
FNDA:3,(anonymous_1)
FNDA:3,(anonymous_2)
FNDA:4,(anonymous_3)
DA:6,4
DA:8,4
DA:10,4
DA:11,4
DA:12,4
LF:5
LH:5
BRDA:10,0,0,3
BRDA:10,0,1,0
BRDA:11,1,0,3
BRDA:11,1,1,0
BRF:4
BRH:2
end_of_record
TN:
SF:src/utils/validate.ts
FN:12,(anonymous_0)
FN:15,(anonymous_1)
FN:19,(anonymous_2)
FN:23,(anonymous_3)
FN:27,(anonymous_4)
FN:30,(anonymous_5)
FN:36,(anonymous_6)
FN:40,(anonymous_7)
FN:43,(anonymous_8)
FN:46,(anonymous_9)
FN:49,(anonymous_10)
FN:52,(anonymous_11)
FN:60,validate
FN:64,(anonymous_13)
FN:71,validateOrThrow
FNF:15
FNH:14
FNDA:116,(anonymous_0)
FNDA:37,(anonymous_1)
FNDA:0,(anonymous_2)
FNDA:22,(anonymous_3)
FNDA:6,(anonymous_4)
FNDA:15,(anonymous_5)
FNDA:8,(anonymous_6)
FNDA:9,(anonymous_7)
FNDA:8,(anonymous_8)
FNDA:3,(anonymous_9)
FNDA:3,(anonymous_10)
FNDA:4,(anonymous_11)
FNDA:84,validate
FNDA:153,(anonymous_13)
FNDA:12,validateOrThrow
DA:12,4
DA:13,116
DA:15,4
DA:16,37
DA:19,4
DA:20,0
DA:22,4
DA:23,22
DA:27,6
DA:30,15
DA:36,8
DA:40,9
DA:43,8
DA:46,3
DA:49,3
DA:52,4
DA:61,84
DA:62,84
DA:64,153
DA:65,78
DA:72,12
DA:73,12
DA:74,7
LF:23
LH:22
BRDA:13,0,0,41
BRDA:13,0,1,75
BRDA:13,1,0,116
BRDA:13,1,1,41
BRDA:13,1,2,41
BRDA:16,2,0,10
BRDA:16,2,1,27
BRDA:16,3,0,37
BRDA:16,3,1,24
BRDA:20,4,0,0
BRDA:20,4,1,0
BRDA:20,5,0,0
BRDA:20,5,1,0
BRDA:20,5,2,0
BRDA:41,6,0,9
BRDA:41,6,1,6
BRDA:44,7,0,8
BRDA:44,7,1,5
BRDA:47,8,0,3
BRDA:47,8,1,2
BRDA:50,9,0,3
BRDA:50,9,1,2
BRDA:62,10,0,6
BRDA:62,10,1,78
BRDA:73,11,0,7
BRDA:73,11,1,5
BRF:26
BRH:21
end_of_record
